  practise7_44.cpp
c:\program files (x86)\microsoft visual studio\2017\professional\vc\tools\msvc\14.15.26726\include\xmemory0(881): error C2512: “NoDefault::NoDefault”: 没有合适的默认构造函数可用
  c:\program files (x86)\microsoft visual studio\2017\professional\vc\tools\msvc\14.15.26726\include\xmemory(163): note: 参见对正在编译的函数 模板 实例化“void std::_Default_allocator_traits<_Alloc>::construct<_Ty,>(_Alloc &,_Objty *const )”的引用
          with
          [
              _Alloc=std::allocator<NoDefault>,
              _Ty=NoDefault,
              _Objty=NoDefault
          ]
  c:\program files (x86)\microsoft visual studio\2017\professional\vc\tools\msvc\14.15.26726\include\xmemory(164): note: 参见对正在编译的函数 模板 实例化“void std::_Default_allocator_traits<_Alloc>::construct<_Ty,>(_Alloc &,_Objty *const )”的引用
          with
          [
              _Alloc=std::allocator<NoDefault>,
              _Ty=NoDefault,
              _Objty=NoDefault
          ]
  c:\program files (x86)\microsoft visual studio\2017\professional\vc\tools\msvc\14.15.26726\include\xmemory(325): note: 参见对正在编译的函数 模板 实例化“void std::_Uninitialized_backout_al<_FwdIt,_Alloc>::_Emplace_back<>(void)”的引用
          with
          [
              _FwdIt=NoDefault *,
              _Alloc=std::allocator<NoDefault>
          ]
  c:\program files (x86)\microsoft visual studio\2017\professional\vc\tools\msvc\14.15.26726\include\xmemory(325): note: 参见对正在编译的函数 模板 实例化“void std::_Uninitialized_backout_al<_FwdIt,_Alloc>::_Emplace_back<>(void)”的引用
          with
          [
              _FwdIt=NoDefault *,
              _Alloc=std::allocator<NoDefault>
          ]
  c:\program files (x86)\microsoft visual studio\2017\professional\vc\tools\msvc\14.15.26726\include\xmemory(346): note: 参见对正在编译的函数 模板 实例化“_FwdIt std::_Uninitialized_value_construct_n1<_FwdIt,_Diff,_Alloc>(const _FwdIt,_Diff,_Alloc &,std::false_type)”的引用
          with
          [
              _FwdIt=NoDefault *,
              _Diff=unsigned int,
              _Alloc=std::allocator<NoDefault>
          ]
  c:\program files (x86)\microsoft visual studio\2017\professional\vc\tools\msvc\14.15.26726\include\vector(1812): note: 参见对正在编译的函数 模板 实例化“_FwdIt *std::_Uninitialized_value_construct_n<NoDefault*,unsigned int,std::allocator<_Ty>>(_FwdIt,_Diff,_Alloc &)”的引用
          with
          [
              _FwdIt=NoDefault *,
              _Ty=NoDefault,
              _Diff=unsigned int,
              _Alloc=std::allocator<NoDefault>
          ]
  c:\program files (x86)\microsoft visual studio\2017\professional\vc\tools\msvc\14.15.26726\include\vector(1811): note: 编译 类 模板 成员函数 "NoDefault *std::vector<NoDefault,std::allocator<_Ty>>::_Udefault(NoDefault *,const unsigned int)" 时
          with
          [
              _Ty=NoDefault
          ]
  c:\program files (x86)\microsoft visual studio\2017\professional\vc\tools\msvc\14.15.26726\include\vector(665): note: 参见对正在编译的函数 模板 实例化“NoDefault *std::vector<NoDefault,std::allocator<_Ty>>::_Udefault(NoDefault *,const unsigned int)”的引用
          with
          [
              _Ty=NoDefault
          ]
  d:\study\c++\chapter7\practise7_44\practise7_44\practise7_44.cpp(15): note: 参见对正在编译的 类 模板 实例化 "std::vector<NoDefault,std::allocator<_Ty>>" 的引用
          with
          [
              _Ty=NoDefault
          ]
